#
# A fatal error has been detected by the Java Runtime Environment:
#
#  EXCEPTION_ACCESS_VIOLATION (0xc0000005) at pc=0x00007ffabc73a2af, pid=8344, tid=6604
#
# JRE version: Java(TM) SE Runtime Environment (9.0+11) (build 9.0.1+11)
# Java VM: Java HotSpot(TM) 64-Bit Server VM (9.0.1+11, mixed mode, tiered, compressed oops, g1 gc, windows-amd64)
# Problematic frame:
# C  [ig9icd64.dll+0x1a2af]
#
# No core dump will be written. Minidumps are not enabled by default on client versions of Windows
#
# If you would like to submit a bug report, please visit:
#   http://bugreport.java.com/bugreport/crash.jsp
# The crash happened outside the Java Virtual Machine in native code.
# See problematic frame for where to report the bug.
#

---------------  S U M M A R Y ------------

Command Line: -javaagent:C:\Program Files\JetBrains\IntelliJ IDEA Community Edition 2017.2.6\lib\idea_rt.jar=49869:C:\Program Files\JetBrains\IntelliJ IDEA Community Edition 2017.2.6\bin -Dfile.encoding=UTF-8 com.km.Havokk

Host: Intel(R) Core(TM) i7-6500U CPU @ 2.50GHz, 4 cores, 7G,  Windows 10 , 64 bit Build 10240 (10.0.10240.17113)
Time: Fri Apr 13 04:38:14 2018 Malay Peninsula Standard Time elapsed time: 18633 seconds (0d 5h 10m 33s)

---------------  T H R E A D  ---------------

Current thread (0x000000a27a0a5800):  JavaThread "main" [_thread_in_native, id=6604, stack(0x000000a27baa0000,0x000000a27bba0000)]

Stack: [0x000000a27baa0000,0x000000a27bba0000],  sp=0x000000a27bb9ebf0,  free space=1018k
Native frames: (J=compiled Java code, j=interpreted, Vv=VM code, C=native code)
C  [ig9icd64.dll+0x1a2af]
C  [ig9icd64.dll+0x466551]
C  [ig9icd64.dll+0x453097]
C  [ig9icd64.dll+0x458766]
C  [ig9icd64.dll+0x466b95]
C  [ig9icd64.dll+0x466cc4]
C  [ig9icd64.dll+0x46776b]
C  [ig9icd64.dll+0x1a4d85]
C  [ig9icd64.dll+0x1a593d]
C  [ig9icd64.dll+0x1a6430]
C  [ig9icd64.dll+0x1961e8]
C  [ig9icd64.dll+0x19ad3e]
C  [ig9icd64.dll+0x19c65b]
C  [ig9icd64.dll+0xe41b0]
C  [ig9icd64.dll+0x29de5f]
C  [ig9icd64.dll+0x4e1355]
C  [ig9icd64.dll+0x4e1b41]
C  0x000000a2121983cb

Java frames: (J=compiled Java code, j=interpreted, Vv=VM code)
J 1398  org.lwjgl.opengl.GL11.nglDrawElements(IIIJ)V (0 bytes) @ 0x000000a21219832e [0x000000a2121982e0+0x000000000000004e]
J 1701 c2 com.km.Havokk.renderWorld()V (451 bytes) @ 0x000000a212229a1c [0x000000a212229640+0x00000000000003dc]
J 1727 c1 com.km.Havokk.draw()V (171 bytes) @ 0x000000a212252e7c [0x000000a212252d80+0x00000000000000fc]
J 1737% c2 com.km.Havokk.loop()V (172 bytes) @ 0x000000a21225ad20 [0x000000a21225aba0+0x0000000000000180]
j  com.km.Havokk.run()V+19
j  com.km.Havokk.main([Ljava/lang/String;)V+15
v  ~StubRoutines::call_stub

siginfo: EXCEPTION_ACCESS_VIOLATION (0xc0000005), writing address 0x000000a221811000


Register to memory mapping:

RIP=0x00007ffabc73a2af ig9icd64.dll
RAX=0x0000000000000000 is an unknown value
RBX=0x000000a21f9ab700 is an unknown value
RCX=0x000000a221811010 is an unknown value
RDX=0x000000a27bb9ec64 is pointing into the stack for thread: 0x000000a27a0a5800
RSP=0x000000a27bb9ebf0 is pointing into the stack for thread: 0x000000a27a0a5800
RBP=0x000000a27bb9ed80 is pointing into the stack for thread: 0x000000a27a0a5800
RSI=0x000000a21f9ab700 is an unknown value
RDI=0x000000a22065d460 is an unknown value
R8 =0x0000000000000024 is an unknown value
R9 =0x00007ffabc720000 ig9icd64.dll
R10=0x0000000000000058 is an unknown value
R11=0x000000a27bb9ef60 is pointing into the stack for thread: 0x000000a27a0a5800
R12=0x000000a220df7ff0 is an unknown value
R13=0x0000000000000000 is an unknown value
R14=0x000000a27bb9eee0 is pointing into the stack for thread: 0x000000a27a0a5800
R15=0x000000a21f359e60 is an unknown value


Registers:
RAX=0x0000000000000000, RBX=0x000000a21f9ab700, RCX=0x000000a221811010, RDX=0x000000a27bb9ec64
RSP=0x000000a27bb9ebf0, RBP=0x000000a27bb9ed80, RSI=0x000000a21f9ab700, RDI=0x000000a22065d460
R8 =0x0000000000000024, R9 =0x00007ffabc720000, R10=0x0000000000000058, R11=0x000000a27bb9ef60
R12=0x000000a220df7ff0, R13=0x0000000000000000, R14=0x000000a27bb9eee0, R15=0x000000a21f359e60
RIP=0x00007ffabc73a2af, EFLAGS=0x0000000000010206

Top of Stack: (sp=0x000000a27bb9ebf0)
0x000000a27bb9ebf0:   0000008000001000 0000008000000080
0x000000a27bb9ec00:   0000000000000080 0000000000020000
0x000000a27bb9ec10:   0000000000001000 00007ffabcb86551
0x000000a27bb9ec20:   0000000000000001 0000000000000000
0x000000a27bb9ec30:   0000000000004000 0000000000004000
0x000000a27bb9ec40:   0000000078100007 0000000000000000
0x000000a27bb9ec50:   0000000000000000 0000000000000800
0x000000a27bb9ec60:   000000a200210000 00007ffabccefe25
0x000000a27bb9ec70:   000000a21f9ab700 00007ffabcb73097
0x000000a27bb9ec80:   00007ffabd3b72e8 00007ffae272aae8
0x000000a27bb9ec90:   000000a27a060000 0000000000000001
0x000000a27bb9eca0:   00007ffabd3b72e0 0000000000000001
0x000000a27bb9ecb0:   000000a24d8238e8 00007ffae272aae8
0x000000a27bb9ecc0:   000000a27a060000 0000000000000000
0x000000a27bb9ecd0:   0000000000000000 000000a2215637d0
0x000000a27bb9ece0:   000000a27a060000 000000a2215637e0 

Instructions: (pc=0x00007ffabc73a2af)
0x00007ffabc73a28f:   42 dc 89 41 dc 8b 42 e0 89 41 e0 8b 42 e4 89 41
0x00007ffabc73a29f:   e4 8b 42 e8 89 41 e8 8b 42 ec 89 41 ec 8b 42 f0
0x00007ffabc73a2af:   89 41 f0 e9 20 03 00 00 48 8b c1 83 e0 0f 74 3a
0x00007ffabc73a2bf:   41 b9 10 00 00 00 4c 2b c8 49 8b c1 49 03 c9 49 



---------------  P R O C E S S  ---------------

Java Threads: ( => current thread )
  0x000000a21f1f2800 JavaThread "Service Thread" daemon [_thread_blocked, id=6488, stack(0x000000a21fb00000,0x000000a21fc00000)]
  0x000000a21f058000 JavaThread "Monitor Ctrl-Break" daemon [_thread_in_native, id=5228, stack(0x000000a21fa00000,0x000000a21fb00000)]
  0x000000a21e2ee800 JavaThread "Common-Cleaner" daemon [_thread_blocked, id=1636, stack(0x000000a21ed00000,0x000000a21ee00000)]
  0x000000a21e2d3800 JavaThread "Sweeper thread" daemon [_thread_blocked, id=8880, stack(0x000000a21ec00000,0x000000a21ed00000)]
  0x000000a21e2a4800 JavaThread "C1 CompilerThread2" daemon [_thread_blocked, id=600, stack(0x000000a21eb00000,0x000000a21ec00000)]
  0x000000a21e25a000 JavaThread "C2 CompilerThread1" daemon [_thread_blocked, id=7032, stack(0x000000a21ea00000,0x000000a21eb00000)]
  0x000000a21e255800 JavaThread "C2 CompilerThread0" daemon [_thread_blocked, id=1312, stack(0x000000a21e900000,0x000000a21ea00000)]
  0x000000a21e254800 JavaThread "Attach Listener" daemon [_thread_blocked, id=5304, stack(0x000000a21e800000,0x000000a21e900000)]
  0x000000a21e253800 JavaThread "Signal Dispatcher" daemon [_thread_blocked, id=7280, stack(0x000000a21e700000,0x000000a21e800000)]
  0x000000a21e209000 JavaThread "Finalizer" daemon [_thread_blocked, id=7912, stack(0x000000a21e520000,0x000000a21e620000)]
  0x000000a21e1ff800 JavaThread "Reference Handler" daemon [_thread_blocked, id=3496, stack(0x000000a21e420000,0x000000a21e520000)]
=>0x000000a27a0a5800 JavaThread "main" [_thread_in_native, id=6604, stack(0x000000a27baa0000,0x000000a27bba0000)]

Other Threads:
  0x000000a21e1f9800 VMThread "VM Thread" [stack: 0x000000a21e320000,0x000000a21e420000] [id=4124]
  0x000000a21ef6d800 WatcherThread [stack: 0x000000a21fc00000,0x000000a21fd00000] [id=4348]
  0x000000a27a0be000 GCTaskThread "GC Thread#0" [stack: 0x000000a27bdb0000,0x000000a27beb0000] [id=5476]
  0x000000a27a0bf800 GCTaskThread "GC Thread#1" [stack: 0x000000a27beb0000,0x000000a27bfb0000] [id=8812]
  0x000000a27a0c1000 GCTaskThread "GC Thread#2" [stack: 0x000000a27bfb0000,0x000000a27c0b0000] [id=8072]
  0x000000a27a0c3800 GCTaskThread "GC Thread#3" [stack: 0x000000a27c0b0000,0x000000a27c1b0000] [id=9080]
  0x000000a27a13a800 ConcurrentGCThread "G1 Main Marker" [stack: 0x000000a27fb30000,0x000000a27fc30000] [id=3032]
  0x000000a27a13c000 ConcurrentGCThread "G1 Marker#0" [stack: 0x000000a27fc30000,0x000000a27fd30000] [id=1252]
  0x000000a27a0cb800 ConcurrentGCThread "G1 Refine#0" [stack: 0x000000a27c8f0000,0x000000a27c9f0000] [id=4864]
  0x000000a27a0ca800 ConcurrentGCThread "G1 Refine#1" [stack: 0x000000a27c7f0000,0x000000a27c8f0000] [id=8588]
  0x000000a27a0c7000 ConcurrentGCThread "G1 Refine#2" [stack: 0x000000a27c6f0000,0x000000a27c7f0000] [id=5200]
  0x000000a27a0c5000 ConcurrentGCThread "G1 Refine#3" [stack: 0x000000a27c5f0000,0x000000a27c6f0000] [id=5244]
  0x000000a27a0ce000 ConcurrentGCThread "G1 Young RemSet Sampling" [stack: 0x000000a27c9f0000,0x000000a27caf0000] [id=7704]

Threads with active compile tasks:

VM state:not at safepoint (normal execution)

VM Mutex/Monitor currently owned by a thread: None

Heap address: 0x0000000081600000, size: 2026 MB, Compressed Oops mode: 32-bit
Narrow klass base: 0x0000000000000000, Narrow klass shift: 3
Compressed class space size: 1073741824 Address: 0x0000000100000000

Heap:
 garbage-first heap   total 131072K, used 48924K [0x0000000081600000, 0x0000000081700400, 0x0000000100000000)
  region size 1024K, 43 young (44032K), 1 survivors (1024K)
 Metaspace       used 14052K, capacity 15047K, committed 15232K, reserved 1062912K
  class space    used 1132K, capacity 1343K, committed 1408K, reserved 1048576K
Heap Regions: E=young(eden), S=young(survivor), O=old, HS=humongous(starts), HC=humongous(continues), CS=collection set, F=free, A=archive, TS=gc time stamp, AC=allocation context, TAMS=top-at-mark-start (previous, next)
|   0|0x0000000081600000, 0x0000000081700000, 0x0000000081700000|100%| O|  |TS  1|AC  0|TAMS 0x0000000081600000, 0x0000000081600000|
|   1|0x0000000081700000, 0x0000000081800000, 0x0000000081800000|100%| O|  |TS  3|AC  0|TAMS 0x0000000081700000, 0x0000000081700000|
|   2|0x0000000081800000, 0x0000000081900000, 0x0000000081900000|100%| O|  |TS  3|AC  0|TAMS 0x0000000081800000, 0x0000000081800000|
|   3|0x0000000081900000, 0x0000000081a00000, 0x0000000081a00000|100%| O|  |TS  3|AC  0|TAMS 0x0000000081900000, 0x0000000081900000|
|   4|0x0000000081a00000, 0x0000000081b00000, 0x0000000081b00000|100%| O|  |TS 33|AC  0|TAMS 0x0000000081a00000, 0x0000000081a00000|
|   5|0x0000000081b00000, 0x0000000081c00000, 0x0000000081c00000|100%| O|  |TS 35|AC  0|TAMS 0x0000000081b00000, 0x0000000081b00000|
|   6|0x0000000081c00000, 0x0000000081cc5000, 0x0000000081d00000| 76%| O|  |TS3061|AC  0|TAMS 0x0000000081c00000, 0x0000000081c00000|
|   7|0x0000000081d00000, 0x0000000081d00000, 0x0000000081e00000|  0%| F|  |TS  0|AC  0|TAMS 0x0000000081d00000, 0x0000000081d00000|
|   8|0x0000000081e00000, 0x0000000081e00000, 0x0000000081f00000|  0%| F|  |TS  0|AC  0|TAMS 0x0000000081e00000, 0x0000000081e00000|
|   9|0x0000000081f00000, 0x0000000081f00000, 0x0000000082000000|  0%| F|  |TS  0|AC  0|TAMS 0x0000000081f00000, 0x0000000081f00000|
|  10|0x0000000082000000, 0x0000000082000000, 0x0000000082100000|  0%| F|  |TS  0|AC  0|TAMS 0x0000000082000000, 0x0000000082000000|
|  11|0x0000000082100000, 0x0000000082100000, 0x0000000082200000|  0%| F|  |TS  0|AC  0|TAMS 0x0000000082100000, 0x0000000082100000|
|  12|0x0000000082200000, 0x0000000082200000, 0x0000000082300000|  0%| F|  |TS  0|AC  0|TAMS 0x0000000082200000, 0x0000000082200000|
|  13|0x0000000082300000, 0x0000000082300000, 0x0000000082400000|  0%| F|  |TS  0|AC  0|TAMS 0x0000000082300000, 0x0000000082300000|
|  14|0x0000000082400000, 0x0000000082400000, 0x0000000082500000|  0%| F|  |TS  0|AC  0|TAMS 0x0000000082400000, 0x0000000082400000|
|  15|0x0000000082500000, 0x0000000082500000, 0x0000000082600000|  0%| F|  |TS  0|AC  0|TAMS 0x0000000082500000, 0x0000000082500000|
|  16|0x0000000082600000, 0x0000000082600000, 0x0000000082700000|  0%| F|  |TS  0|AC  0|TAMS 0x0000000082600000, 0x0000000082600000|
|  17|0x0000000082700000, 0x0000000082700000, 0x0000000082800000|  0%| F|  |TS  0|AC  0|TAMS 0x0000000082700000, 0x0000000082700000|
|  18|0x0000000082800000, 0x0000000082800000, 0x0000000082900000|  0%| F|  |TS  0|AC  0|TAMS 0x0000000082800000, 0x0000000082800000|
|  19|0x0000000082900000, 0x0000000082900000, 0x0000000082a00000|  0%| F|  |TS  0|AC  0|TAMS 0x0000000082900000, 0x0000000082900000|
|  20|0x0000000082a00000, 0x0000000082a00000, 0x0000000082b00000|  0%| F|  |TS  0|AC  0|TAMS 0x0000000082a00000, 0x0000000082a00000|
|  21|0x0000000082b00000, 0x0000000082b00000, 0x0000000082c00000|  0%| F|  |TS  0|AC  0|TAMS 0x0000000082b00000, 0x0000000082b00000|
|  22|0x0000000082c00000, 0x0000000082c00000, 0x0000000082d00000|  0%| F|  |TS  0|AC  0|TAMS 0x0000000082c00000, 0x0000000082c00000|
|  23|0x0000000082d00000, 0x0000000082d00000, 0x0000000082e00000|  0%| F|  |TS  0|AC  0|TAMS 0x0000000082d00000, 0x0000000082d00000|
|  24|0x0000000082e00000, 0x0000000082e00000, 0x0000000082f00000|  0%| F|  |TS  0|AC  0|TAMS 0x0000000082e00000, 0x0000000082e00000|
|  25|0x0000000082f00000, 0x0000000082f00000, 0x0000000083000000|  0%| F|  |TS  0|AC  0|TAMS 0x0000000082f00000, 0x0000000082f00000|
|  26|0x0000000083000000, 0x0000000083000000, 0x0000000083100000|  0%| F|  |TS  0|AC  0|TAMS 0x0000000083000000, 0x0000000083000000|
|  27|0x0000000083100000, 0x0000000083100000, 0x0000000083200000|  0%| F|  |TS  0|AC  0|TAMS 0x0000000083100000, 0x0000000083100000|
|  28|0x0000000083200000, 0x0000000083200000, 0x0000000083300000|  0%| F|  |TS  0|AC  0|TAMS 0x0000000083200000, 0x0000000083200000|
|  29|0x0000000083300000, 0x0000000083300000, 0x0000000083400000|  0%| F|  |TS  0|AC  0|TAMS 0x0000000083300000, 0x0000000083300000|
|  30|0x0000000083400000, 0x0000000083400000, 0x0000000083500000|  0%| F|  |TS  0|AC  0|TAMS 0x0000000083400000, 0x0000000083400000|
|  31|0x0000000083500000, 0x0000000083500000, 0x0000000083600000|  0%| F|  |TS  0|AC  0|TAMS 0x0000000083500000, 0x0000000083500000|
|  32|0x0000000083600000, 0x0000000083600000, 0x0000000083700000|  0%| F|  |TS  0|AC  0|TAMS 0x0000000083600000, 0x0000000083600000|
|  33|0x0000000083700000, 0x0000000083700000, 0x0000000083800000|  0%| F|  |TS  0|AC  0|TAMS 0x0000000083700000, 0x0000000083700000|
|  34|0x0000000083800000, 0x0000000083800000, 0x0000000083900000|  0%| F|  |TS  0|AC  0|TAMS 0x0000000083800000, 0x0000000083800000|
|  35|0x0000000083900000, 0x0000000083900000, 0x0000000083a00000|  0%| F|  |TS  0|AC  0|TAMS 0x0000000083900000, 0x0000000083900000|
|  36|0x0000000083a00000, 0x0000000083a00000, 0x0000000083b00000|  0%| F|  |TS  0|AC  0|TAMS 0x0000000083a00000, 0x0000000083a00000|
|  37|0x0000000083b00000, 0x0000000083b00000, 0x0000000083c00000|  0%| F|  |TS  0|AC  0|TAMS 0x0000000083b00000, 0x0000000083b00000|
|  38|0x0000000083c00000, 0x0000000083c00000, 0x0000000083d00000|  0%| F|  |TS  0|AC  0|TAMS 0x0000000083c00000, 0x0000000083c00000|
|  39|0x0000000083d00000, 0x0000000083d00000, 0x0000000083e00000|  0%| F|  |TS  0|AC  0|TAMS 0x0000000083d00000, 0x0000000083d00000|
|  40|0x0000000083e00000, 0x0000000083e00000, 0x0000000083f00000|  0%| F|  |TS  0|AC  0|TAMS 0x0000000083e00000, 0x0000000083e00000|
|  41|0x0000000083f00000, 0x0000000083f00000, 0x0000000084000000|  0%| F|  |TS  0|AC  0|TAMS 0x0000000083f00000, 0x0000000083f00000|
|  42|0x0000000084000000, 0x0000000084000000, 0x0000000084100000|  0%| F|  |TS  0|AC  0|TAMS 0x0000000084000000, 0x0000000084000000|
|  43|0x0000000084100000, 0x0000000084100000, 0x0000000084200000|  0%| F|  |TS  0|AC  0|TAMS 0x0000000084100000, 0x0000000084100000|
|  44|0x0000000084200000, 0x0000000084200000, 0x0000000084300000|  0%| F|  |TS  0|AC  0|TAMS 0x0000000084200000, 0x0000000084200000|
|  45|0x0000000084300000, 0x0000000084300000, 0x0000000084400000|  0%| F|  |TS  0|AC  0|TAMS 0x0000000084300000, 0x0000000084300000|
|  46|0x0000000084400000, 0x0000000084400000, 0x0000000084500000|  0%| F|  |TS  0|AC  0|TAMS 0x0000000084400000, 0x0000000084400000|
|  47|0x0000000084500000, 0x0000000084500000, 0x0000000084600000|  0%| F|  |TS  0|AC  0|TAMS 0x0000000084500000, 0x0000000084500000|
|  48|0x0000000084600000, 0x0000000084600000, 0x0000000084700000|  0%| F|  |TS  0|AC  0|TAMS 0x0000000084600000, 0x0000000084600000|
|  49|0x0000000084700000, 0x0000000084700000, 0x0000000084800000|  0%| F|  |TS 31|AC  0|TAMS 0x0000000084700000, 0x0000000084700000|
|  50|0x0000000084800000, 0x0000000084800000, 0x0000000084900000|  0%| F|  |TS 31|AC  0|TAMS 0x0000000084800000, 0x0000000084800000|
|  51|0x0000000084900000, 0x0000000084902040, 0x0000000084a00000|  0%| S|CS|TS3061|AC  0|TAMS 0x0000000084900000, 0x0000000084900000|
|  52|0x0000000084a00000, 0x0000000084a00000, 0x0000000084b00000|  0%| F|  |TS3061|AC  0|TAMS 0x0000000084a00000, 0x0000000084a00000|
|  53|0x0000000084b00000, 0x0000000084b00000, 0x0000000084c00000|  0%| F|  |TS3061|AC  0|TAMS 0x0000000084b00000, 0x0000000084b00000|
|  54|0x0000000084c00000, 0x0000000084c00000, 0x0000000084d00000|  0%| F|  |TS3061|AC  0|TAMS 0x0000000084c00000, 0x0000000084c00000|
|  55|0x0000000084d00000, 0x0000000084d00000, 0x0000000084e00000|  0%| F|  |TS3061|AC  0|TAMS 0x0000000084d00000, 0x0000000084d00000|
|  56|0x0000000084e00000, 0x0000000084e00000, 0x0000000084f00000|  0%| F|  |TS3061|AC  0|TAMS 0x0000000084e00000, 0x0000000084e00000|
|  57|0x0000000084f00000, 0x0000000084f00000, 0x0000000085000000|  0%| F|  |TS3061|AC  0|TAMS 0x0000000084f00000, 0x0000000084f00000|
|  58|0x0000000085000000, 0x0000000085000000, 0x0000000085100000|  0%| F|  |TS3061|AC  0|TAMS 0x0000000085000000, 0x0000000085000000|
|  59|0x0000000085100000, 0x0000000085100000, 0x0000000085200000|  0%| F|  |TS3061|AC  0|TAMS 0x0000000085100000, 0x0000000085100000|
|  60|0x0000000085200000, 0x0000000085200000, 0x0000000085300000|  0%| F|  |TS3061|AC  0|TAMS 0x0000000085200000, 0x0000000085200000|
|  61|0x0000000085300000, 0x0000000085300000, 0x0000000085400000|  0%| F|  |TS3061|AC  0|TAMS 0x0000000085300000, 0x0000000085300000|
|  62|0x0000000085400000, 0x0000000085400000, 0x0000000085500000|  0%| F|  |TS3061|AC  0|TAMS 0x0000000085400000, 0x0000000085400000|
|  63|0x0000000085500000, 0x0000000085500000, 0x0000000085600000|  0%| F|  |TS3061|AC  0|TAMS 0x0000000085500000, 0x0000000085500000|
|  64|0x0000000085600000, 0x0000000085600000, 0x0000000085700000|  0%| F|  |TS3061|AC  0|TAMS 0x0000000085600000, 0x0000000085600000|
|  65|0x0000000085700000, 0x0000000085700000, 0x0000000085800000|  0%| F|  |TS3061|AC  0|TAMS 0x0000000085700000, 0x0000000085700000|
|  66|0x0000000085800000, 0x0000000085800000, 0x0000000085900000|  0%| F|  |TS3061|AC  0|TAMS 0x0000000085800000, 0x0000000085800000|
|  67|0x0000000085900000, 0x0000000085900000, 0x0000000085a00000|  0%| F|  |TS3061|AC  0|TAMS 0x0000000085900000, 0x0000000085900000|
|  68|0x0000000085a00000, 0x0000000085a00000, 0x0000000085b00000|  0%| F|  |TS3061|AC  0|TAMS 0x0000000085a00000, 0x0000000085a00000|
|  69|0x0000000085b00000, 0x0000000085b00000, 0x0000000085c00000|  0%| F|  |TS3061|AC  0|TAMS 0x0000000085b00000, 0x0000000085b00000|
|  70|0x0000000085c00000, 0x0000000085c00000, 0x0000000085d00000|  0%| F|  |TS3061|AC  0|TAMS 0x0000000085c00000, 0x0000000085c00000|
|  71|0x0000000085d00000, 0x0000000085d00000, 0x0000000085e00000|  0%| F|  |TS3061|AC  0|TAMS 0x0000000085d00000, 0x0000000085d00000|
|  72|0x0000000085e00000, 0x0000000085e00000, 0x0000000085f00000|  0%| F|  |TS3061|AC  0|TAMS 0x0000000085e00000, 0x0000000085e00000|
|  73|0x0000000085f00000, 0x0000000085f00000, 0x0000000086000000|  0%| F|  |TS3061|AC  0|TAMS 0x0000000085f00000, 0x0000000085f00000|
|  74|0x0000000086000000, 0x0000000086000000, 0x0000000086100000|  0%| F|  |TS3061|AC  0|TAMS 0x0000000086000000, 0x0000000086000000|
|  75|0x0000000086100000, 0x0000000086100000, 0x0000000086200000|  0%| F|  |TS3061|AC  0|TAMS 0x0000000086100000, 0x0000000086100000|
|  76|0x0000000086200000, 0x0000000086200000, 0x0000000086300000|  0%| F|  |TS3061|AC  0|TAMS 0x0000000086200000, 0x0000000086200000|
|  77|0x0000000086300000, 0x0000000086300000, 0x0000000086400000|  0%| F|  |TS3061|AC  0|TAMS 0x0000000086300000, 0x0000000086300000|
|  78|0x0000000086400000, 0x0000000086400000, 0x0000000086500000|  0%| F|  |TS3061|AC  0|TAMS 0x0000000086400000, 0x0000000086400000|
|  79|0x0000000086500000, 0x0000000086500000, 0x0000000086600000|  0%| F|  |TS3061|AC  0|TAMS 0x0000000086500000, 0x0000000086500000|
|  80|0x0000000086600000, 0x0000000086600000, 0x0000000086700000|  0%| F|  |TS3061|AC  0|TAMS 0x0000000086600000, 0x0000000086600000|
|  81|0x0000000086700000, 0x0000000086700000, 0x0000000086800000|  0%| F|  |TS3061|AC  0|TAMS 0x0000000086700000, 0x0000000086700000|
|  82|0x0000000086800000, 0x0000000086800000, 0x0000000086900000|  0%| F|  |TS3061|AC  0|TAMS 0x0000000086800000, 0x0000000086800000|
|  83|0x0000000086900000, 0x0000000086900000, 0x0000000086a00000|  0%| F|  |TS3061|AC  0|TAMS 0x0000000086900000, 0x0000000086900000|
|  84|0x0000000086a00000, 0x0000000086a00000, 0x0000000086b00000|  0%| F|  |TS3061|AC  0|TAMS 0x0000000086a00000, 0x0000000086a00000|
|  85|0x0000000086b00000, 0x0000000086b00000, 0x0000000086c00000|  0%| F|  |TS3061|AC  0|TAMS 0x0000000086b00000, 0x0000000086b00000|
|  86|0x0000000086c00000, 0x0000000086c80800, 0x0000000086d00000| 50%| E|  |TS3061|AC  0|TAMS 0x0000000086c00000, 0x0000000086c00000|
|  87|0x0000000086d00000, 0x0000000086e00000, 0x0000000086e00000|100%| E|CS|TS3061|AC  0|TAMS 0x0000000086d00000, 0x0000000086d00000|
|  88|0x0000000086e00000, 0x0000000086f00000, 0x0000000086f00000|100%| E|CS|TS3061|AC  0|TAMS 0x0000000086e00000, 0x0000000086e00000|
|  89|0x0000000086f00000, 0x0000000087000000, 0x0000000087000000|100%| E|CS|TS3061|AC  0|TAMS 0x0000000086f00000, 0x0000000086f00000|
|  90|0x0000000087000000, 0x0000000087100000, 0x0000000087100000|100%| E|CS|TS3061|AC  0|TAMS 0x0000000087000000, 0x0000000087000000|
|  91|0x0000000087100000, 0x0000000087200000, 0x0000000087200000|100%| E|CS|TS3061|AC  0|TAMS 0x0000000087100000, 0x0000000087100000|
|  92|0x0000000087200000, 0x0000000087300000, 0x0000000087300000|100%| E|CS|TS3061|AC  0|TAMS 0x0000000087200000, 0x0000000087200000|
|  93|0x0000000087300000, 0x0000000087400000, 0x0000000087400000|100%| E|CS|TS3061|AC  0|TAMS 0x0000000087300000, 0x0000000087300000|
|  94|0x0000000087400000, 0x0000000087500000, 0x0000000087500000|100%| E|CS|TS3061|AC  0|TAMS 0x0000000087400000, 0x0000000087400000|
|  95|0x0000000087500000, 0x0000000087600000, 0x0000000087600000|100%| E|CS|TS3061|AC  0|TAMS 0x0000000087500000, 0x0000000087500000|
|  96|0x0000000087600000, 0x0000000087700000, 0x0000000087700000|100%| E|CS|TS3061|AC  0|TAMS 0x0000000087600000, 0x0000000087600000|
|  97|0x0000000087700000, 0x0000000087800000, 0x0000000087800000|100%| E|CS|TS3061|AC  0|TAMS 0x0000000087700000, 0x0000000087700000|
|  98|0x0000000087800000, 0x0000000087900000, 0x0000000087900000|100%| E|CS|TS3061|AC  0|TAMS 0x0000000087800000, 0x0000000087800000|
|  99|0x0000000087900000, 0x0000000087a00000, 0x0000000087a00000|100%| E|CS|TS3061|AC  0|TAMS 0x0000000087900000, 0x0000000087900000|
| 100|0x0000000087a00000, 0x0000000087b00000, 0x0000000087b00000|100%| E|CS|TS3061|AC  0|TAMS 0x0000000087a00000, 0x0000000087a00000|
| 101|0x0000000087b00000, 0x0000000087c00000, 0x0000000087c00000|100%| E|CS|TS3061|AC  0|TAMS 0x0000000087b00000, 0x0000000087b00000|
| 102|0x0000000087c00000, 0x0000000087d00000, 0x0000000087d00000|100%| E|CS|TS3061|AC  0|TAMS 0x0000000087c00000, 0x0000000087c00000|
| 103|0x0000000087d00000, 0x0000000087e00000, 0x0000000087e00000|100%| E|CS|TS3061|AC  0|TAMS 0x0000000087d00000, 0x0000000087d00000|
| 104|0x0000000087e00000, 0x0000000087f00000, 0x0000000087f00000|100%| E|CS|TS3061|AC  0|TAMS 0x0000000087e00000, 0x0000000087e00000|
| 105|0x0000000087f00000, 0x0000000088000000, 0x0000000088000000|100%| E|CS|TS3061|AC  0|TAMS 0x0000000087f00000, 0x0000000087f00000|
| 106|0x0000000088000000, 0x0000000088100000, 0x0000000088100000|100%| E|CS|TS3061|AC  0|TAMS 0x0000000088000000, 0x0000000088000000|
| 107|0x0000000088100000, 0x0000000088200000, 0x0000000088200000|100%| E|CS|TS3061|AC  0|TAMS 0x0000000088100000, 0x0000000088100000|
| 108|0x0000000088200000, 0x0000000088300000, 0x0000000088300000|100%| E|CS|TS3061|AC  0|TAMS 0x0000000088200000, 0x0000000088200000|
| 109|0x0000000088300000, 0x0000000088400000, 0x0000000088400000|100%| E|CS|TS3061|AC  0|TAMS 0x0000000088300000, 0x0000000088300000|
| 110|0x0000000088400000, 0x0000000088500000, 0x0000000088500000|100%| E|CS|TS3061|AC  0|TAMS 0x0000000088400000, 0x0000000088400000|
| 111|0x0000000088500000, 0x0000000088600000, 0x0000000088600000|100%| E|CS|TS3061|AC  0|TAMS 0x0000000088500000, 0x0000000088500000|
| 112|0x0000000088600000, 0x0000000088700000, 0x0000000088700000|100%| E|CS|TS3061|AC  0|TAMS 0x0000000088600000, 0x0000000088600000|
| 113|0x0000000088700000, 0x0000000088800000, 0x0000000088800000|100%| E|CS|TS3061|AC  0|TAMS 0x0000000088700000, 0x0000000088700000|
| 114|0x0000000088800000, 0x0000000088900000, 0x0000000088900000|100%| E|CS|TS3061|AC  0|TAMS 0x0000000088800000, 0x0000000088800000|
| 115|0x0000000088900000, 0x0000000088a00000, 0x0000000088a00000|100%| E|CS|TS3061|AC  0|TAMS 0x0000000088900000, 0x0000000088900000|
| 116|0x0000000088a00000, 0x0000000088b00000, 0x0000000088b00000|100%| E|CS|TS3061|AC  0|TAMS 0x0000000088a00000, 0x0000000088a00000|
| 117|0x0000000088b00000, 0x0000000088c00000, 0x0000000088c00000|100%| E|CS|TS3061|AC  0|TAMS 0x0000000088b00000, 0x0000000088b00000|
| 118|0x0000000088c00000, 0x0000000088d00000, 0x0000000088d00000|100%| E|CS|TS3061|AC  0|TAMS 0x0000000088c00000, 0x0000000088c00000|
| 119|0x0000000088d00000, 0x0000000088e00000, 0x0000000088e00000|100%| E|CS|TS3061|AC  0|TAMS 0x0000000088d00000, 0x0000000088d00000|
| 120|0x0000000088e00000, 0x0000000088f00000, 0x0000000088f00000|100%| E|CS|TS3061|AC  0|TAMS 0x0000000088e00000, 0x0000000088e00000|
| 121|0x0000000088f00000, 0x0000000089000000, 0x0000000089000000|100%| E|CS|TS3061|AC  0|TAMS 0x0000000088f00000, 0x0000000088f00000|
| 122|0x0000000089000000, 0x0000000089100000, 0x0000000089100000|100%| E|CS|TS3061|AC  0|TAMS 0x0000000089000000, 0x0000000089000000|
| 123|0x0000000089100000, 0x0000000089200000, 0x0000000089200000|100%| E|CS|TS3061|AC  0|TAMS 0x0000000089100000, 0x0000000089100000|
| 124|0x0000000089200000, 0x0000000089300000, 0x0000000089300000|100%| E|CS|TS3061|AC  0|TAMS 0x0000000089200000, 0x0000000089200000|
| 125|0x0000000089300000, 0x0000000089400000, 0x0000000089400000|100%| E|CS|TS3061|AC  0|TAMS 0x0000000089300000, 0x0000000089300000|
| 126|0x0000000089400000, 0x0000000089500000, 0x0000000089500000|100%| E|CS|TS3061|AC  0|TAMS 0x0000000089400000, 0x0000000089400000|
| 127|0x0000000089500000, 0x0000000089600000, 0x0000000089600000|100%| E|CS|TS3061|AC  0|TAMS 0x0000000089500000, 0x0000000089500000|

Card table byte_map: [0x000000a27d2f0000,0x000000a27d6f0000] byte_map_base: 0x000000a27cee5000

Marking Bits (Prev, Next): (CMBitMap*) 0x000000a27a13a1f0, (CMBitMap*) 0x000000a27a13a228
 Prev Bits: [0x000000a27daf0000, 0x000000a27fa98000)
 Next Bits: [0x000000a219650000, 0x000000a21b5f8000)

Polling page: 0x000000a27a040000

CodeHeap 'non-profiled nmethods': size=120064Kb used=1450Kb max_used=1450Kb free=118613Kb
 bounds [0x000000a212110000, 0x000000a212380000, 0x000000a219650000]
CodeHeap 'profiled nmethods': size=120000Kb used=3878Kb max_used=3878Kb free=116122Kb
 bounds [0x000000a20abe0000, 0x000000a20afb0000, 0x000000a212110000]
CodeHeap 'non-nmethods': size=5696Kb used=1589Kb max_used=1633Kb free=4106Kb
 bounds [0x000000a20a650000, 0x000000a20a8c0000, 0x000000a20abe0000]
 total_blobs=3345 nmethods=1762 adapters=870
 compilation: enabled

Compilation events (10 events):
Event: 671.649 Thread 0x000000a21e255800 1761       4       org.joml.Vector2f::mul (22 bytes)
Event: 671.649 Thread 0x000000a21e255800 nmethod 1761 0x000000a21227a010 code [0x000000a21227a1a0, 0x000000a21227a218]
Event: 674.114 Thread 0x000000a21e2a4800 1762       3       com.km.Entity::startTeleport (101 bytes)
Event: 674.114 Thread 0x000000a21e2a4800 nmethod 1762 0x000000a20afa8090 code [0x000000a20afa8260, 0x000000a20afa85b0]
Event: 674.114 Thread 0x000000a21e2a4800 1763       3       com.km.Entity::startTeleport (83 bytes)
Event: 674.115 Thread 0x000000a21e2a4800 nmethod 1763 0x000000a20afa8710 code [0x000000a20afa8900, 0x000000a20afa8c90]
Event: 11716.166 Thread 0x000000a21e2a4800 1765   !   3       jdk.internal.ref.PhantomCleanable::isListEmpty (34 bytes)
Event: 11716.167 Thread 0x000000a21e2a4800 nmethod 1765 0x000000a20afa8d90 code [0x000000a20afa8f40, 0x000000a20afa9298]
Event: 11716.167 Thread 0x000000a21e2a4800 1766       3       jdk.internal.misc.InnocuousThread::eraseThreadLocals (23 bytes)
Event: 11716.167 Thread 0x000000a21e2a4800 nmethod 1766 0x000000a20afa9390 code [0x000000a20afa9540, 0x000000a20afa9798]

GC Heap History (10 events):
Event: 18564.983 GC heap before
{Heap before GC invocations=1526 (full 0):
 garbage-first heap   total 131072K, used 83740K [0x0000000081600000, 0x0000000081700400, 0x0000000100000000)
  region size 1024K, 76 young (77824K), 1 survivors (1024K)
 Metaspace       used 14052K, capacity 15047K, committed 15232K, reserved 1062912K
  class space    used 1132K, capacity 1343K, committed 1408K, reserved 1048576K
}
Event: 18564.983 GC heap after
{Heap after GC invocations=1527 (full 0):
 garbage-first heap   total 131072K, used 6942K [0x0000000081600000, 0x0000000081700400, 0x0000000100000000)
  region size 1024K, 1 young (1024K), 1 survivors (1024K)
 Metaspace       used 14052K, capacity 15047K, committed 15232K, reserved 1062912K
  class space    used 1132K, capacity 1343K, committed 1408K, reserved 1048576K
}
Event: 18577.215 GC heap before
{Heap before GC invocations=1527 (full 0):
 garbage-first heap   total 131072K, used 83742K [0x0000000081600000, 0x0000000081700400, 0x0000000100000000)
  region size 1024K, 76 young (77824K), 1 survivors (1024K)
 Metaspace       used 14052K, capacity 15047K, committed 15232K, reserved 1062912K
  class space    used 1132K, capacity 1343K, committed 1408K, reserved 1048576K
}
Event: 18577.216 GC heap after
{Heap after GC invocations=1528 (full 0):
 garbage-first heap   total 131072K, used 6942K [0x0000000081600000, 0x0000000081700400, 0x0000000100000000)
  region size 1024K, 1 young (1024K), 1 survivors (1024K)
 Metaspace       used 14052K, capacity 15047K, committed 15232K, reserved 1062912K
  class space    used 1132K, capacity 1343K, committed 1408K, reserved 1048576K
}
Event: 18589.449 GC heap before
{Heap before GC invocations=1528 (full 0):
 garbage-first heap   total 131072K, used 83742K [0x0000000081600000, 0x0000000081700400, 0x0000000100000000)
  region size 1024K, 76 young (77824K), 1 survivors (1024K)
 Metaspace       used 14052K, capacity 15047K, committed 15232K, reserved 1062912K
  class space    used 1132K, capacity 1343K, committed 1408K, reserved 1048576K
}
Event: 18589.450 GC heap after
{Heap after GC invocations=1529 (full 0):
 garbage-first heap   total 131072K, used 6940K [0x0000000081600000, 0x0000000081700400, 0x0000000100000000)
  region size 1024K, 1 young (1024K), 1 survivors (1024K)
 Metaspace       used 14052K, capacity 15047K, committed 15232K, reserved 1062912K
  class space    used 1132K, capacity 1343K, committed 1408K, reserved 1048576K
}
Event: 18601.682 GC heap before
{Heap before GC invocations=1529 (full 0):
 garbage-first heap   total 131072K, used 83740K [0x0000000081600000, 0x0000000081700400, 0x0000000100000000)
  region size 1024K, 76 young (77824K), 1 survivors (1024K)
 Metaspace       used 14052K, capacity 15047K, committed 15232K, reserved 1062912K
  class space    used 1132K, capacity 1343K, committed 1408K, reserved 1048576K
}
Event: 18601.683 GC heap after
{Heap after GC invocations=1530 (full 0):
 garbage-first heap   total 131072K, used 6941K [0x0000000081600000, 0x0000000081700400, 0x0000000100000000)
  region size 1024K, 1 young (1024K), 1 survivors (1024K)
 Metaspace       used 14052K, capacity 15047K, committed 15232K, reserved 1062912K
  class space    used 1132K, capacity 1343K, committed 1408K, reserved 1048576K
}
Event: 18613.899 GC heap before
{Heap before GC invocations=1530 (full 0):
 garbage-first heap   total 131072K, used 83741K [0x0000000081600000, 0x0000000081700400, 0x0000000100000000)
  region size 1024K, 76 young (77824K), 1 survivors (1024K)
 Metaspace       used 14052K, capacity 15047K, committed 15232K, reserved 1062912K
  class space    used 1132K, capacity 1343K, committed 1408K, reserved 1048576K
}
Event: 18613.900 GC heap after
{Heap after GC invocations=1531 (full 0):
 garbage-first heap   total 131072K, used 6940K [0x0000000081600000, 0x0000000081700400, 0x0000000100000000)
  region size 1024K, 1 young (1024K), 1 survivors (1024K)
 Metaspace       used 14052K, capacity 15047K, committed 15232K, reserved 1062912K
  class space    used 1132K, capacity 1343K, committed 1408K, reserved 1048576K
}

Deoptimization events (10 events):
Event: 75.831 Thread 0x000000a27a0a5800 Uncommon trap: reason=unstable_if action=reinterpret pc=0x000000a21221b44c method=com.km.Havokk.update()V @ 120 c2
Event: 127.099 Thread 0x000000a27a0a5800 Uncommon trap: reason=unstable_if action=reinterpret pc=0x000000a21222e5cc method=com.km.Entity.attackLogic()V @ 225 c2
Event: 198.581 Thread 0x000000a27a0a5800 Uncommon trap: reason=unstable_if action=reinterpret pc=0x000000a212259d24 method=com.km.Entity.attackLogic()V @ 497 c2
Event: 199.265 Thread 0x000000a27a0a5800 Uncommon trap: reason=unstable_if action=reinterpret pc=0x000000a212258fac method=com.km.Entity.startCast(I)V @ 18 c2
Event: 456.082 Thread 0x000000a27a0a5800 Uncommon trap: reason=unstable_if action=reinterpret pc=0x000000a2122011f0 method=com.km.world.WorldMap.prepareTiles(Lorg/joml/Vector3f;)Ljava/util/List; @ 32 c2
Event: 472.131 Thread 0x000000a27a0a5800 Uncommon trap: reason=unstable_if action=reinterpret pc=0x000000a212246354 method=com.km.Havokk.input()V @ 118 c2
Event: 472.381 Thread 0x000000a27a0a5800 Uncommon trap: reason=unstable_if action=reinterpret pc=0x000000a21223b4a4 method=com.km.Havokk.update()V @ 568 c2
Event: 491.398 Thread 0x000000a27a0a5800 Uncommon trap: reason=unstable_if action=reinterpret pc=0x000000a21225ea68 method=com.km.world.WorldMap.prepareTiles(Lorg/joml/Vector3f;)Ljava/util/List; @ 81 c2
Event: 491.432 Thread 0x000000a27a0a5800 Uncommon trap: reason=unstable_if action=reinterpret pc=0x000000a2121ff9e0 method=com.km.world.WorldMap.prepareTiles(Lorg/joml/Vector3f;)Ljava/util/List; @ 81 c2
Event: 532.148 Thread 0x000000a27a0a5800 Uncommon trap: reason=unstable_if action=reinterpret pc=0x000000a21225c508 method=com.km.Entity.attackLogic()V @ 457 c2

Classes redefined (0 events):
No events

Internal exceptions (10 events):
Event: 1.938 Thread 0x000000a27a0a5800 Exception <a 'java/lang/NoSuchMethodError'{0x0000000088f71780}: java.lang.invoke.DelegatingMethodHandle$Holder.reinvoke_L(Ljava/lang/Object;IIIIII)Ljava/lang/Object;> (0x0000000088f71780) thrown at [t:/workspace/hotspot/src/share/vm/interpreter/linkResolv
Event: 1.941 Thread 0x000000a27a0a5800 Exception <a 'java/lang/NoSuchMethodError'{0x0000000088fa4c48}: java.lang.invoke.DirectMethodHandle$Holder.invokeSpecial(Ljava/lang/Object;Ljava/lang/Object;IIII)Ljava/lang/Object;> (0x0000000088fa4c48) thrown at [t:/workspace/hotspot/src/share/vm/interpr
Event: 1.945 Thread 0x000000a27a0a5800 Exception <a 'java/lang/NoSuchMethodError'{0x0000000088ff7340}: java.lang.invoke.DirectMethodHandle$Holder.invokeStatic(Ljava/lang/Object;Ljava/lang/Object;Ljava/lang/Object;Ljava/lang/Object;Ljava/lang/Object;Ljava/lang/Object;Ljava/lang/Object;Ljava/lan
Event: 1.947 Thread 0x000000a27a0a5800 Exception <a 'java/lang/NoSuchMethodError'{0x0000000088e07840}: java.lang.invoke.DirectMethodHandle$Holder.invokeStatic(Ljava/lang/Object;Ljava/lang/Object;Ljava/lang/Object;Ljava/lang/Object;Ljava/lang/Object;Ljava/lang/Object;Ljava/lang/Object;Ljava/lan
Event: 1.959 Thread 0x000000a27a0a5800 Exception <a 'java/lang/NoSuchMethodError'{0x0000000088d10938}: java.lang.invoke.DirectMethodHandle$Holder.invokeSpecial(Ljava/lang/Object;Ljava/lang/Object;IIIII)Ljava/lang/Object;> (0x0000000088d10938) thrown at [t:/workspace/hotspot/src/share/vm/interp
Event: 1.959 Thread 0x000000a27a0a5800 Exception <a 'java/lang/NoSuchMethodError'{0x0000000088d13b98}: java.lang.invoke.DelegatingMethodHandle$Holder.reinvoke_L(Ljava/lang/Object;IIIII)Ljava/lang/Object;> (0x0000000088d13b98) thrown at [t:/workspace/hotspot/src/share/vm/interpreter/linkResolve
Event: 8.881 Thread 0x000000a27a0a5800 Exception <a 'java/lang/NoSuchMethodError'{0x00000000883f5e40}: java.lang.invoke.DirectMethodHandle$Holder.invokeSpecial(Ljava/lang/Object;Ljava/lang/Object;IIIILjava/lang/Object;ILjava/lang/Object;)Ljava/lang/Object;> (0x00000000883f5e40) thrown at [t:/w
Event: 8.881 Thread 0x000000a27a0a5800 Exception <a 'java/lang/NoSuchMethodError'{0x00000000883f9260}: java.lang.invoke.DelegatingMethodHandle$Holder.reinvoke_L(Ljava/lang/Object;IIIILjava/lang/Object;ILjava/lang/Object;)Ljava/lang/Object;> (0x00000000883f9260) thrown at [t:/workspace/hotspot/
Event: 8.885 Thread 0x000000a27a0a5800 Exception <a 'java/lang/NoSuchMethodError'{0x000000008823da70}: java.lang.invoke.DirectMethodHandle$Holder.invokeStatic(Ljava/lang/Object;Ljava/lang/Object;Ljava/lang/Object;Ljava/lang/Object;Ljava/lang/Object;Ljava/lang/Object;Ljava/lang/Object;Ljava/lan
Event: 8.886 Thread 0x000000a27a0a5800 Exception <a 'java/lang/NoSuchMethodError'{0x000000008824a5a8}: method resolution failed> (0x000000008824a5a8) thrown at [t:/workspace/hotspot/src/share/vm/prims/methodHandles.cpp, line 1256]

Events (10 events):
Event: 18564.983 Executing VM operation: G1IncCollectionPause
Event: 18564.984 Executing VM operation: G1IncCollectionPause done
Event: 18577.215 Executing VM operation: G1IncCollectionPause
Event: 18577.216 Executing VM operation: G1IncCollectionPause done
Event: 18589.449 Executing VM operation: G1IncCollectionPause
Event: 18589.450 Executing VM operation: G1IncCollectionPause done
Event: 18601.682 Executing VM operation: G1IncCollectionPause
Event: 18601.683 Executing VM operation: G1IncCollectionPause done
Event: 18613.899 Executing VM operation: G1IncCollectionPause
Event: 18613.900 Executing VM operation: G1IncCollectionPause done


Dynamic libraries:
0x00007ff6eb3a0000 - 0x00007ff6eb3de000 	C:\Program Files\Java\jdk-9.0.1\bin\java.exe
0x00007ffae2700000 - 0x00007ffae28c2000 	C:\Windows\SYSTEM32\ntdll.dll
0x00007ffadfee0000 - 0x00007ffadff8d000 	C:\Windows\system32\KERNEL32.DLL
0x00007ffadfbe0000 - 0x00007ffadfdbd000 	C:\Windows\system32\KERNELBASE.dll
0x00007ffadfdc0000 - 0x00007ffadfe66000 	C:\Windows\system32\ADVAPI32.dll
0x00007ffae25a0000 - 0x00007ffae263d000 	C:\Windows\system32\msvcrt.dll
0x00007ffae2260000 - 0x00007ffae22bb000 	C:\Windows\system32\sechost.dll
0x00007ffae22c0000 - 0x00007ffae23e6000 	C:\Windows\system32\RPCRT4.dll
0x00007ffae2110000 - 0x00007ffae225e000 	C:\Windows\system32\USER32.dll
0x00007ffae1ae0000 - 0x00007ffae1c63000 	C:\Windows\system32\GDI32.dll
0x00007ffad7400000 - 0x00007ffad7674000 	C:\Windows\WinSxS\amd64_microsoft.windows.common-controls_6595b64144ccf1df_6.0.10240.17184_none_f41d7a705752bce6\COMCTL32.dll
0x00007ffadb1a0000 - 0x00007ffadb1aa000 	C:\Windows\SYSTEM32\VERSION.dll
0x00007ffae20c0000 - 0x00007ffae20f6000 	C:\Windows\system32\IMM32.DLL
0x00007ffae1f60000 - 0x00007ffae20bc000 	C:\Windows\system32\MSCTF.dll
0x00007ffac6bc0000 - 0x00007ffac6caf000 	C:\Program Files\Java\jdk-9.0.1\bin\msvcr120.dll
0x00007ffac8d10000 - 0x00007ffac8db6000 	C:\Program Files\Java\jdk-9.0.1\bin\msvcp120.dll
0x0000000057720000 - 0x0000000058144000 	C:\Program Files\Java\jdk-9.0.1\bin\server\jvm.dll
0x00007ffae2100000 - 0x00007ffae2108000 	C:\Windows\system32\PSAPI.DLL
0x00007ffadce80000 - 0x00007ffadce89000 	C:\Windows\SYSTEM32\WSOCK32.dll
0x00007ffae1c70000 - 0x00007ffae1cd9000 	C:\Windows\system32\WS2_32.dll
0x00007ffadff90000 - 0x00007ffadff98000 	C:\Windows\system32\NSI.dll
0x00007ffadd6a0000 - 0x00007ffadd6c3000 	C:\Windows\SYSTEM32\WINMM.dll
0x00007ffadd630000 - 0x00007ffadd65c000 	C:\Windows\SYSTEM32\WINMMBASE.dll
0x00007ffadf7f0000 - 0x00007ffadf834000 	C:\Windows\system32\cfgmgr32.dll
0x00007ffaddaa0000 - 0x00007ffaddac7000 	C:\Windows\SYSTEM32\DEVOBJ.dll
0x00007ffad7720000 - 0x00007ffad772f000 	C:\Program Files\Java\jdk-9.0.1\bin\verify.dll
0x00007fface7b0000 - 0x00007fface7d7000 	C:\Program Files\Java\jdk-9.0.1\bin\java.dll
0x00007ffac8c20000 - 0x00007ffac8c4a000 	C:\Program Files\Java\jdk-9.0.1\bin\instrument.dll
0x00007ffad3a20000 - 0x00007ffad3a36000 	C:\Program Files\Java\jdk-9.0.1\bin\zip.dll
0x00007ffad41e0000 - 0x00007ffad41ea000 	C:\Program Files\Java\jdk-9.0.1\bin\jimage.dll
0x00007ffae0100000 - 0x00007ffae1623000 	C:\Windows\system32\SHELL32.dll
0x00007ffadf1c0000 - 0x00007ffadf7e9000 	C:\Windows\system32\windows.storage.dll
0x00007ffae1630000 - 0x00007ffae18ac000 	C:\Windows\system32\combase.dll
0x00007ffae2640000 - 0x00007ffae2691000 	C:\Windows\system32\shlwapi.dll
0x00007ffadf120000 - 0x00007ffadf12f000 	C:\Windows\system32\kernel.appcore.dll
0x00007ffadfa10000 - 0x00007ffadfac3000 	C:\Windows\system32\shcore.dll
0x00007ffadf130000 - 0x00007ffadf17a000 	C:\Windows\system32\powrprof.dll
0x00007ffadf180000 - 0x00007ffadf193000 	C:\Windows\system32\profapi.dll
0x00007ffad01a0000 - 0x00007ffad01ba000 	C:\Program Files\Java\jdk-9.0.1\bin\net.dll
0x00007ffadc8b0000 - 0x00007ffadc986000 	C:\Windows\SYSTEM32\WINHTTP.dll
0x00007ffade990000 - 0x00007ffade9ed000 	C:\Windows\system32\mswsock.dll
0x00007fface860000 - 0x00007fface871000 	C:\Program Files\Java\jdk-9.0.1\bin\nio.dll
0x00007ffac8c00000 - 0x00007ffac8c1a000 	C:\Program Files\JetBrains\IntelliJ IDEA Community Edition 2017.2.6\bin\breakgen64.dll
0x00007ffad40a0000 - 0x00007ffad40a3000 	C:\Users\Summadat\AppData\Local\Temp\jomlSummadat\c9a19de0\joml.dll
0x00007ffac7910000 - 0x00007ffac7968000 	C:\Users\Summadat\AppData\Local\Temp\lwjglSummadat\3.1.3-SNAPSHOT\lwjgl.dll
0x00007ffac78c0000 - 0x00007ffac790d000 	C:\Users\Summadat\AppData\Local\Temp\lwjglSummadat\3.1.3-SNAPSHOT\glfw.dll
0x00007ffadd950000 - 0x00007ffadd9e6000 	C:\Windows\system32\uxtheme.dll
0x00007ffac75d0000 - 0x00007ffac7611000 	C:\Windows\SYSTEM32\dinput8.dll
0x00007ffad01e0000 - 0x00007ffad01ee000 	C:\Windows\SYSTEM32\xinput1_4.dll
0x00007ffadb490000 - 0x00007ffadb4b2000 	C:\Windows\SYSTEM32\dwmapi.dll
0x00007ffade170000 - 0x00007ffade17c000 	C:\Windows\SYSTEM32\HID.DLL
0x00007ffae18b0000 - 0x00007ffae1a75000 	C:\Windows\system32\SETUPAPI.DLL
0x00007ffadfb80000 - 0x00007ffadfbd4000 	C:\Windows\system32\WINTRUST.dll
0x00007ffadf1a0000 - 0x00007ffadf1b1000 	C:\Windows\system32\MSASN1.dll
0x00007ffadf840000 - 0x00007ffadfa01000 	C:\Windows\system32\CRYPT32.dll
0x00007ffaccc70000 - 0x00007ffaccd98000 	C:\Windows\SYSTEM32\opengl32.dll
0x00007ffacc6f0000 - 0x00007ffacc7e6000 	C:\Windows\SYSTEM32\DDRAW.dll
0x00007ffaccbd0000 - 0x00007ffaccbfe000 	C:\Windows\SYSTEM32\GLU32.dll
0x00007ffacd930000 - 0x00007ffacd938000 	C:\Windows\SYSTEM32\DCIMAN32.dll
0x00007ffabc720000 - 0x00007ffabd46a000 	C:\Windows\SYSTEM32\ig9icd64.dll
0x00007ffadc5c0000 - 0x00007ffadc5d3000 	C:\Windows\SYSTEM32\WTSAPI32.dll
0x00007ffad4300000 - 0x00007ffad545d000 	C:\Windows\SYSTEM32\igc64.dll
0x00007ffadef70000 - 0x00007ffadefdb000 	C:\Windows\SYSTEM32\bcryptPrimitives.dll
0x00007ffac74e0000 - 0x00007ffac753f000 	C:\Users\Summadat\AppData\Local\Temp\lwjglSummadat\3.1.3-SNAPSHOT\lwjgl_opengl.dll
0x00007ffade1e0000 - 0x00007ffade238000 	C:\Windows\SYSTEM32\WINSTA.dll
0x00007ffac4a00000 - 0x00007ffac4b8a000 	C:\Windows\SYSTEM32\dbghelp.dll

VM Arguments:
jvm_args: -javaagent:C:\Program Files\JetBrains\IntelliJ IDEA Community Edition 2017.2.6\lib\idea_rt.jar=49869:C:\Program Files\JetBrains\IntelliJ IDEA Community Edition 2017.2.6\bin -Dfile.encoding=UTF-8 
java_command: com.km.Havokk
java_class_path (initial): D:\Workspaces\IntelliJ\Havokk\out\production\Havokk;D:\libs\lwjgl-release-3.1.3-custom\lwjgl.jar;D:\libs\lwjgl-release-3.1.3-custom\lwjgl-egl.jar;D:\libs\lwjgl-release-3.1.3-custom\lwjgl-nfd.jar;D:\libs\lwjgl-release-3.1.3-custom\lwjgl-ovr.jar;D:\libs\lwjgl-release-3.1.3-custom\lwjgl-par.jar;D:\libs\lwjgl-release-3.1.3-custom\lwjgl-sse.jar;D:\libs\lwjgl-release-3.1.3-custom\lwjgl-stb.jar;D:\libs\lwjgl-release-3.1.3-custom\lwjgl-bgfx.jar;D:\libs\lwjgl-release-3.1.3-custom\lwjgl-glfw.jar;D:\libs\lwjgl-release-3.1.3-custom\lwjgl-jawt.jar;D:\libs\lwjgl-release-3.1.3-custom\lwjgl-lmdb.jar;D:\libs\lwjgl-release-3.1.3-custom\lwjgl-yoga.jar;D:\libs\lwjgl-release-3.1.3-custom\lwjgl-assimp.jar;D:\libs\lwjgl-release-3.1.3-custom\lwjgl-nanovg.jar;D:\libs\lwjgl-release-3.1.3-custom\lwjgl-openal.jar;D:\libs\lwjgl-release-3.1.3-custom\lwjgl-opencl.jar;D:\libs\lwjgl-release-3.1.3-custom\lwjgl-opengl.jar;D:\libs\lwjgl-release-3.1.3-custom\lwjgl-openvr.jar;D:\libs\lwjgl-release-3.1.3-custom\lwjgl-tinyfd.jar;D:\libs\lwjgl-release-3.1.3-custom\lwjgl-vulkan.jar;D:\libs\lwjgl-release-3.1.3-custom\lwjgl-xxhash.jar;D:\libs\lwjgl-release-3.1.3-custom\lwjgl-javadoc.jar;D:\libs\lwjgl-release-3.1.3-custom\lwjgl-nuklear.jar;D:\libs\lwjgl-release-3.1.3-custom\lwjgl-sources.jar;D:\libs\lwjgl-release-3.1.3-custom\lwjgl-tinyexr.jar;D:\libs\lwjgl-release-3.1.3-custom\lwjgl-jemalloc.jar;D:\libs\lwjgl-release-3.1.3-custom\lwjgl-opengles.jar;D:\libs\lwjgl-release-3.1.3-custom\lwjgl-rpmalloc.jar;D:\libs\lwjgl-release-3.1.3-custom\lwjgl-egl-javadoc.jar;D:\libs\lwjgl-release-3.1.3-custom\lwjgl-egl-sources.jar;D:\libs\lwjgl-release-3.1.3-custom\lwjgl-nfd-javadoc.jar;D:\libs\lwjgl-release-3.1.3-custom\lwjgl-nfd-sources.jar;D:\libs\lwjgl-release-3.1.3-custom\lwjgl-ovr-javadoc.jar;D:\libs\lwjgl-release-3.1.3-custom\lwjgl-ovr-sources.jar;D:\libs\lwjgl-release-3.1.3-custom\lwjgl-par-javadoc.jar;D:\libs\lwjgl-release-3.1.3-custom\lwjgl-par-sources.jar;D:\libs\lwjgl-release-3.1.3-cust
Launcher Type: SUN_STANDARD

Logging:
Log output configuration:
#0: stdout all=warning uptime,level,tags
#1: stderr all=off uptime,level,tags

Environment Variables:
PATH=C:\Program Files\Python35\Scripts\;C:\Program Files\Python35\;C:\Program Files (x86)\Common Files\Intel\Shared Libraries\redist\intel64\compiler;C:\Program Files (x86)\Common Files\Intel\Shared Libraries\redist\ia32\compiler;C:\ProgramData\Oracle\Java\javapath;C:\Windows\system32;C:\Windows;C:\Windows\System32\Wbem;C:\Windows\System32\WindowsPowerShell\v1.0\;D:\libs\MinGW\bin\g++.exe;D:\libs\MinGW\bin\;C:\Program Files\dotnet\;C:\Users\Summadat\.cargo\bin;C:\Users\Summadat\AppData\Local\Programs\Python\Python36\Scripts\;C:\Users\Summadat\AppData\Local\Programs\Python\Python36\;C:\Users\Summadat\AppData\Local\atom\bin
USERNAME=Summadat
OS=Windows_NT
PROCESSOR_IDENTIFIER=Intel64 Family 6 Model 78 Stepping 3, GenuineIntel



---------------  S Y S T E M  ---------------

OS: Windows 10 , 64 bit Build 10240 (10.0.10240.17113)

CPU:total 4 (initial active 4) (2 cores per cpu, 2 threads per core) family 6 model 78 stepping 3, cmov, cx8, fxsr, mmx, sse, sse2, sse3, ssse3, sse4.1, sse4.2, popcnt, avx, avx2, aes, clmul, erms, 3dnowpref, lzcnt, ht, tsc, tscinvbit, bmi1, bmi2, adx, fma

Memory: 4k page, physical 8292256k(4322976k free), swap 9602976k(4513768k free)

vm_info: Java HotSpot(TM) 64-Bit Server VM (9.0.1+11) for windows-amd64 JRE (9.0.1+11), built on Sep 28 2017 04:54:03 by "mach5one" with MS VC++ 12.0 (VS2013)

END.
